c:\users\sahil\onedrive\documents\visual studio 2015\projects\doublepen\doublepen\x64\debug\vc140.pdb
c:\users\sahil\onedrive\documents\visual studio 2015\projects\doublepen\doublepen\x64\debug\vc140.idb
c:\users\sahil\onedrive\documents\visual studio 2015\projects\doublepen\doublepen\x64\debug\mesh.obj
c:\users\sahil\onedrive\documents\visual studio 2015\projects\doublepen\doublepen\x64\debug\simulation.obj
c:\users\sahil\onedrive\documents\visual studio 2015\projects\doublepen\doublepen\x64\debug\main.obj
c:\users\sahil\onedrive\documents\visual studio 2015\projects\doublepen\x64\debug\doublepen.ilk
c:\users\sahil\onedrive\documents\visual studio 2015\projects\doublepen\x64\debug\doublepen.exe
c:\users\sahil\onedrive\documents\visual studio 2015\projects\doublepen\x64\debug\doublepen.pdb
c:\users\sahil\onedrive\documents\visual studio 2015\projects\doublepen\doublepen\x64\debug\doublepen.tlog\cl.command.1.tlog
c:\users\sahil\onedrive\documents\visual studio 2015\projects\doublepen\doublepen\x64\debug\doublepen.tlog\cl.read.1.tlog
c:\users\sahil\onedrive\documents\visual studio 2015\projects\doublepen\doublepen\x64\debug\doublepen.tlog\cl.write.1.tlog
c:\users\sahil\onedrive\documents\visual studio 2015\projects\doublepen\doublepen\x64\debug\doublepen.tlog\link.1000.delete.1.tlog
c:\users\sahil\onedrive\documents\visual studio 2015\projects\doublepen\doublepen\x64\debug\doublepen.tlog\link.10176.delete.1.tlog
c:\users\sahil\onedrive\documents\visual studio 2015\projects\doublepen\doublepen\x64\debug\doublepen.tlog\link.10180.delete.1.tlog
c:\users\sahil\onedrive\documents\visual studio 2015\projects\doublepen\doublepen\x64\debug\doublepen.tlog\link.11248.delete.1.tlog
c:\users\sahil\onedrive\documents\visual studio 2015\projects\doublepen\doublepen\x64\debug\doublepen.tlog\link.11360.delete.1.tlog
c:\users\sahil\onedrive\documents\visual studio 2015\projects\doublepen\doublepen\x64\debug\doublepen.tlog\link.12960.delete.1.tlog
c:\users\sahil\onedrive\documents\visual studio 2015\projects\doublepen\doublepen\x64\debug\doublepen.tlog\link.15464.delete.1.tlog
c:\users\sahil\onedrive\documents\visual studio 2015\projects\doublepen\doublepen\x64\debug\doublepen.tlog\link.16972.delete.1.tlog
c:\users\sahil\onedrive\documents\visual studio 2015\projects\doublepen\doublepen\x64\debug\doublepen.tlog\link.17664.delete.1.tlog
c:\users\sahil\onedrive\documents\visual studio 2015\projects\doublepen\doublepen\x64\debug\doublepen.tlog\link.18196.delete.1.tlog
c:\users\sahil\onedrive\documents\visual studio 2015\projects\doublepen\doublepen\x64\debug\doublepen.tlog\link.19052.delete.1.tlog
c:\users\sahil\onedrive\documents\visual studio 2015\projects\doublepen\doublepen\x64\debug\doublepen.tlog\link.21404.delete.1.tlog
c:\users\sahil\onedrive\documents\visual studio 2015\projects\doublepen\doublepen\x64\debug\doublepen.tlog\link.21464.delete.1.tlog
c:\users\sahil\onedrive\documents\visual studio 2015\projects\doublepen\doublepen\x64\debug\doublepen.tlog\link.22836.delete.1.tlog
c:\users\sahil\onedrive\documents\visual studio 2015\projects\doublepen\doublepen\x64\debug\doublepen.tlog\link.23104.delete.1.tlog
c:\users\sahil\onedrive\documents\visual studio 2015\projects\doublepen\doublepen\x64\debug\doublepen.tlog\link.23120.delete.1.tlog
c:\users\sahil\onedrive\documents\visual studio 2015\projects\doublepen\doublepen\x64\debug\doublepen.tlog\link.23128.delete.1.tlog
c:\users\sahil\onedrive\documents\visual studio 2015\projects\doublepen\doublepen\x64\debug\doublepen.tlog\link.25936.delete.1.tlog
c:\users\sahil\onedrive\documents\visual studio 2015\projects\doublepen\doublepen\x64\debug\doublepen.tlog\link.4060.delete.1.tlog
c:\users\sahil\onedrive\documents\visual studio 2015\projects\doublepen\doublepen\x64\debug\doublepen.tlog\link.4668.delete.1.tlog
c:\users\sahil\onedrive\documents\visual studio 2015\projects\doublepen\doublepen\x64\debug\doublepen.tlog\link.6320.delete.1.tlog
c:\users\sahil\onedrive\documents\visual studio 2015\projects\doublepen\doublepen\x64\debug\doublepen.tlog\link.6920.delete.1.tlog
c:\users\sahil\onedrive\documents\visual studio 2015\projects\doublepen\doublepen\x64\debug\doublepen.tlog\link.9392.delete.1.tlog
c:\users\sahil\onedrive\documents\visual studio 2015\projects\doublepen\doublepen\x64\debug\doublepen.tlog\link.9536.delete.1.tlog
c:\users\sahil\onedrive\documents\visual studio 2015\projects\doublepen\doublepen\x64\debug\doublepen.tlog\link.command.1.tlog
c:\users\sahil\onedrive\documents\visual studio 2015\projects\doublepen\doublepen\x64\debug\doublepen.tlog\link.read.1.tlog
c:\users\sahil\onedrive\documents\visual studio 2015\projects\doublepen\doublepen\x64\debug\doublepen.tlog\link.write.1.tlog
